[01:40:08.056][INFO][CraftTweaker-EarlyInit]: CraftTweaker is running on a Minecraft 1.20.1 production client modded with platform Forge
[01:40:08.111][INFO][CraftTweaker-EarlyInit]: Successfully injected RecipeFS file system
[01:40:08.329][INFO][CraftTweaker-Plugins]: Successfully identified and loaded plugin crafttweaker:builtin
[01:40:08.333][INFO][CraftTweaker-Plugins]: Successfully identified and loaded plugin crafttweaker:builtin_forge
[01:40:08.338][INFO][CraftTweaker-Plugins]: Successfully identified and loaded plugin farmersdelight:crafttweaker_plugin
[01:40:10.643][INFO][CraftTweaker]: The following mods have explicit CraftTweaker support through the default plugin:
[01:40:10.645][INFO][CraftTweaker]: - 'angrymobs' at version '4.0.0'
[01:40:10.645][INFO][CraftTweaker]: - 'crafttweaker' at version '14.0.10'
[01:40:10.645][INFO][CraftTweaker]: - 'farmersdelight' at version '1.20.1-1.2.2a'
[01:40:10.645][INFO][CraftTweaker]: - 'mysticalagriculture' at version '7.0.1'
[01:40:24.284][INFO][CraftTweaker-ZenCode]: Started loading scripts for loader 'initialize'
[01:40:25.304][INFO][CraftTweaker-ZenCode]: Compiling and executing scripts
[01:40:25.378][INFO][CraftTweaker-ZenCode]: Successfully initialized modules [crafttweaker, expansions]
[01:40:25.611][INFO][CraftTweaker-ZenCode]: Execution for loader 'initialize' completed successfully
[01:41:18.977][INFO][CraftTweaker-ZenCode]: Started loading scripts for loader 'tags'
[01:41:19.007][INFO][CraftTweaker-ZenCode]: Compiling and executing scripts
[01:41:19.033][INFO][CraftTweaker-ZenCode]: Successfully initialized modules [crafttweaker, expansions]
[01:41:19.046][INFO][CraftTweaker-ZenCode]: Execution for loader 'tags' completed successfully
[01:41:23.708][INFO][CraftTweaker]: CraftTweaker reload starting!
[01:41:23.717][INFO][CraftTweaker-ZenCode]: Started loading scripts for loader 'crafttweaker'
[01:41:23.783][INFO][CraftTweaker-ZenCode]: Compiling and executing scripts
[01:41:24.271][INFO][CraftTweaker-ZenCode]: Successfully initialized modules [mods, crafttweaker, expansions]
[01:41:24.282][INFO][CraftTweaker-ZenCode]: Execution for loader 'crafttweaker' completed successfully
[01:41:24.284][INFO][CraftTweaker]: CraftTweaker reload complete!
